----------------
From file DUMMY:
pg 1: (./pdf-7moCongresoMKT.tex
------------------------------------------------------------------------------
From file /usr/share/texlive/texmf-dist/tex/luatex/luatexja/luatexja-core.sty:
pg 1: Custom whatsit inhibitglue = 1
pg 1: Custom whatsit stack_marker = 2
pg 1: Custom whatsit begin_par = 3
pg 1: Custom whatsit direction = 4
pg 1: Custom whatsit box_boundary = 5
pg 1: Custom whatsit ja_al_boundary = 6(load cache: ltj-cid-auto-adobe-japan1.luc)
pg 1: Lua module: luatexja.charrange 2022-08-19 Handling the range of Japanese charact
pg 1: ers
pg 1: Lua module: luatexja.stack 2022-08-20 LuaTeX-ja stack system
pg 1: Lua module: luatexja.jfont 2023-04-06 Loader for Japanese fonts
----------------
From file DUMMY:
pg 1: (load cache: extra_
pg 1: lmroman10-regular.luc)(load cache: extra_lmroman10-bold.luc)(load cache: extra_l
pg 1: ibertinusserif-regular.luc)(load cache: extra_libertinusserif-bolditalic.luc)(lo
pg 1: ad cache: extra_libertinusserif-bold.luc)(load cache: extra_libertinusserif-ital
------------------------------------------------------------------------------
From file /usr/share/texlive/texmf-dist/tex/luatex/luatexja/luatexja-core.sty:
pg 1: ic.luc)(load cache: extra_libertinusmath-regular.luc)
pg 1: Lua module: luatexja.jfmglue 2022-08-29 Insertion process of JFM glues, [x]kanji
pg 1: skip and others
pg 1: (load cache: ltj-kinsoku_default.luc)
---------------------------------------------------------------------------------
From file /usr/share/texlive/texmf-dist/tex/luatex/luatexja/patches/lltjdefs.sty:
pg 1: (load cache: extra_haranoajimincho-regular.luc)
---------------------------------------------------------------------------------
From file /usr/share/texlive/texmf-dist/tex/luatex/luatexja/patches/lltjcore.sty:
pg 1: (load cache: extra_lmmono9-regular.luc)
----------------------------------------------------------------------------------------
From file /usr/share/texlive/texmf-dist/tex/luatex/luatexja/patches/lltjp-microtype.sty:
pg 1: Package luatexja Warning: LuaTeX-ja's patch against the microtype package 
      (luatexja)                (lltjp-microtype.sty, 2019-11-08) may not work.
--------------------------------------------------------------------------------
From file /usr/share/texlive/texmf-dist/tex/luatex/luatexja/luatexja-compat.sty:
pg 1: (load cache: ltj-jisx0208.luc)
----------------
From file DUMMY:
pg 1: (load cache: extra_fandolkai-regular.luc)
pg 1: cache: extra_ibmplexsanscond.luc)
pg 1: cache: extra_ibmplexsanscond-smbld.luc)
pg 1: cache: extra_ibmplexsanscond-italic.luc)
pg 1: cache: extra_ibmplexsanscond-smblditalic.luc)
pg 1: (load cache: extra_ibmplexmono.luc)
pg 1: cache: extra_ibmplexmono-bold.luc)
pg 1: cache: extra_ibmplexmono-italic.luc)
pg 1: cache: extra_ibmplexmono-bolditalic.luc)
---------------------------------------------------------------------------
From file /usr/share/texlive/texmf-dist/tex/latex/fourier/fourier-orns.sty:
pg 1: (load cache: extra_fourierorns-regular.luc)
--------------------------------------------------------------------------
From file /usr/share/texlive/texmf-dist/tex/latex/koma-script/scrbase.sty:
pg 1: Applying: [2021/05/01] Usage of raw or classic option list on input line 252.
pg 1: Already applied: [0000/00/00] Usage of raw or classic option list on input line
pg 1: 368.
------------------------------------------------------------------------
From file /usr/share/texlive/texmf-dist/tex/latex/mdframed/mdframed.sty:
pg 1: ****** mdframed patching \endmdf@trivlist
pg 1: ****** -- success******
----------------------------------------------------------------------------
From file /usr/share/texlive/texmf-dist/tex/latex/koma-script/scrextend.sty:
pg 1: LaTeX Warning: Command \@footnotemark  has changed.
                     Check if current package is valid.
pg 1: {Índice de imágenes}, name=Imagen, placement=ht, ' on input line 301.
---------------------------------------------------------------------------------
From file /usr/share/texlive/texmf-dist/tex/latex/glossaries/base/glossaries.sty:
pg 1: Package glossaries Warning: Overriding \printglossary on input line 6158.
----------------------------------------------------------------------------
From file /usr/share/texlive/texmf-dist/tex/latex/easyreview/easyReview.sty:
pg 1: ! LaTeX Error: Command \comment already defined.
                     Or name \end... illegal, see p.192 of the manual.
      See the LaTeX manual or LaTeX Companion for explanation.
      Type  H <return>  for immediate help.
       ...                                              
                                                        
      l.69 ...comment}[2]{\highlight{#1}\todo[inline]{#2}}
pg 1: %    \end{macrocode}
pg 1: Your command was ignored.
pg 1: Type  I <command> <return>  to replace it with another command,
pg 1: or  <return>  to continue without it.
-----------------------------------------------
From file ./files/gbTeXmeta-7moCongresoMKT.tex:
pg 1: Package hyperref Warning: Option `bookmarks' has already been used,
      (hyperref)                setting the option has no effect on input line 15.
-----------------------------------------------------------------------
From file /usr/share/texlive/texmf-dist/tex/latex/amsfonts/amssymb.sty:
pg 1: ! LaTeX Error: Command `\eth' already defined.
      See the LaTeX manual or LaTeX Companion for explanation.
      Type  H <return>  for immediate help.
       ...                                              
                                                        
      l.240 ...mbol{\eth}            {\mathord}{AMSb}{"67}
pg 1: ! LaTeX Error: Command `\smallsetminus' already defined.
      See the LaTeX manual or LaTeX Companion for explanation.
      Type  H <return>  for immediate help.
       ...                                              
                                                        
      l.251 ...mbol{\smallsetminus}  {\mathbin}{AMSb}{"72}
pg 1: ! LaTeX Error: Command `\digamma' already defined.
      See the LaTeX manual or LaTeX Companion for explanation.
      Type  H <return>  for immediate help.
       ...                                              
                                                        
      l.259 ...mbol{\digamma}        {\mathord}{AMSb}{"7A}
pg 1: ! LaTeX Error: Command `\backepsilon' already defined.
      See the LaTeX manual or LaTeX Companion for explanation.
      Type  H <return>  for immediate help.
       ...                                              
                                                        
      l.265 ...mbol{\backepsilon}    {\mathrel}{AMSb}{"7F}

After last page:

----------------------------------------
From file ./artcap/agradecimientos2.tex:
LaTeX Font Warning: Font shape `JT3/FandolKai(0)/b/n' undefined
(Font)              using `JT3/FandolKai(0)/m/n' instead on input line 6.
! Missing font identifier.
<to be read again> 
JT3/FandolKai(0)/m/n/10 
l.6 ...la obra maestra \citetitle{@5288-DONALD1968},
una serie de volúmenes q...
I was looking for a control sequence whose
current meaning has been defined by \font.
! Missing = inserted for ifnum.
<to be read again> 
JT3/FandolKai(0)/m/n/10 
l.6 ...la obra maestra \citetitle{@5288-DONALD1968},
I was expecting to see `<', `=', or `>'. Didn't.
! Missing number, treated as zero.
<to be read again> 
JT3/FandolKai(0)/m/n/10 
l.6 ...la obra maestra \citetitle{@5288-DONALD1968},
A number should have been here; I inserted `0'.
----------------
From file DUMMY:
(If you can't figure out why I needed to see a number,
----------------------------------------
From file ./artcap/agradecimientos2.tex:
look up `weird error' in the index to The TeXbook.)
! error:  (pdf backend): invalid font identifier when asking 'fontsize'
!  ==> Fatal error occurred, no output PDF file produced!

====  Summary:  ====

